<?xml version="1.0" encoding="UTF-8"?>
<testng-results skipped="0" failed="0" total="1" passed="1">
  <reporter-output>
  </reporter-output>
  <suite name="QuantumInovation Test Automation Test Suite" duration-ms="24635" started-at="2021-01-18T02:59:08Z" finished-at="2021-01-18T02:59:32Z">
    <groups>
    </groups>
    <test name="Test Cases" duration-ms="24635" started-at="2021-01-18T02:59:08Z" finished-at="2021-01-18T02:59:32Z">
      <class name="testcase.LoginPageTest">
        <test-method status="PASS" signature="setUp()[pri:0, instance:testcase.LoginPageTest@a6d14e]" name="setUp" is-config="true" duration-ms="20465" started-at="2021-01-18T08:29:08Z" finished-at="2021-01-18T08:29:28Z">
          <reporter-output>
          </reporter-output>
        </test-method> <!-- setUp -->
        <test-method status="PASS" signature="loginTest()[pri:2, instance:testcase.LoginPageTest@a6d14e]" name="loginTest" duration-ms="2119" started-at="2021-01-18T08:29:28Z" finished-at="2021-01-18T08:29:30Z">
          <reporter-output>
          </reporter-output>
        </test-method> <!-- loginTest -->
        <test-method status="PASS" signature="tearDown()[pri:0, instance:testcase.LoginPageTest@a6d14e]" name="tearDown" is-config="true" duration-ms="2030" started-at="2021-01-18T08:29:30Z" finished-at="2021-01-18T08:29:32Z">
          <reporter-output>
          </reporter-output>
        </test-method> <!-- tearDown -->
      </class> <!-- testcase.LoginPageTest -->
    </test> <!-- Test Cases -->
  </suite> <!-- QuantumInovation Test Automation Test Suite -->
</testng-results>
